ARM GAS  /tmp/ccttGkQF.s 			page 1


   1              		.cpu cortex-m3
   2              		.eabi_attribute 20, 1
   3              		.eabi_attribute 21, 1
   4              		.eabi_attribute 23, 3
   5              		.eabi_attribute 24, 1
   6              		.eabi_attribute 25, 1
   7              		.eabi_attribute 26, 1
   8              		.eabi_attribute 30, 1
   9              		.eabi_attribute 34, 1
  10              		.eabi_attribute 18, 4
  11              		.file	"FwLogger.cpp"
  12              		.text
  13              	.Ltext0:
  14              		.cfi_sections	.debug_frame
  15              		.section	.text._ZN8FwLoggerC2Ev,"ax",%progbits
  16              		.align	1
  17              		.global	_ZN8FwLoggerC2Ev
  18              		.syntax unified
  19              		.thumb
  20              		.thumb_func
  21              		.fpu softvfp
  23              	_ZN8FwLoggerC2Ev:
  24              	.LFB17:
  25              		.file 1 "Src/FwLogger.cpp"
   1:Src/FwLogger.cpp **** #include "FwLogger.h"
   2:Src/FwLogger.cpp **** 
   3:Src/FwLogger.cpp **** FwLogger::FwLogger()
  26              		.loc 1 3 0
  27              		.cfi_startproc
  28              		@ args = 0, pretend = 0, frame = 0
  29              		@ frame_needed = 0, uses_anonymous_args = 0
  30              		@ link register save eliminated.
  31              	.LVL0:
   4:Src/FwLogger.cpp **** {
   5:Src/FwLogger.cpp **** 	//ctor
   6:Src/FwLogger.cpp **** }
  32              		.loc 1 6 0
  33 0000 7047     		bx	lr
  34              		.cfi_endproc
  35              	.LFE17:
  37              		.global	_ZN8FwLoggerC1Ev
  38              		.thumb_set _ZN8FwLoggerC1Ev,_ZN8FwLoggerC2Ev
  39              		.section	.text._ZN8FwLogger4evalEPh,"ax",%progbits
  40              		.align	1
  41              		.global	_ZN8FwLogger4evalEPh
  42              		.syntax unified
  43              		.thumb
  44              		.thumb_func
  45              		.fpu softvfp
  47              	_ZN8FwLogger4evalEPh:
  48              	.LFB19:
   7:Src/FwLogger.cpp **** 
   8:Src/FwLogger.cpp **** void FwLogger::eval(uint8_t* input_str)
   9:Src/FwLogger.cpp **** {
  49              		.loc 1 9 0
  50              		.cfi_startproc
  51              		@ args = 0, pretend = 0, frame = 0
ARM GAS  /tmp/ccttGkQF.s 			page 2


  52              		@ frame_needed = 0, uses_anonymous_args = 0
  53              	.LVL1:
  54 0000 08B5     		push	{r3, lr}
  55              	.LCFI0:
  56              		.cfi_def_cfa_offset 8
  57              		.cfi_offset 3, -8
  58              		.cfi_offset 14, -4
  59 0002 0846     		mov	r0, r1
  60              	.LVL2:
  10:Src/FwLogger.cpp ****     uint8_t* pch = (uint8_t*) strtok((char*) input_str, " ");
  61              		.loc 1 10 0
  62 0004 0149     		ldr	r1, .L4
  63              	.LVL3:
  64 0006 FFF7FEFF 		bl	strtok
  65              	.LVL4:
  66 000a 08BD     		pop	{r3, pc}
  67              	.L5:
  68              		.align	2
  69              	.L4:
  70 000c 00000000 		.word	.LC0
  71              		.cfi_endproc
  72              	.LFE19:
  74              		.section	.rodata._ZN8FwLogger4evalEPh.str1.4,"aMS",%progbits,1
  75              		.align	2
  76              	.LC0:
  77 0000 2000     		.ascii	" \000"
  78              		.text
  79              	.Letext0:
  80              		.file 2 "/usr/include/newlib/c++/6.3.1/cstdint"
  81              		.file 3 "/usr/include/newlib/c++/6.3.1/cstring"
  82              		.file 4 "/usr/include/newlib/c++/6.3.1/arm-none-eabi/thumb/v7-m/bits/c++config.h"
  83              		.file 5 "/usr/include/newlib/machine/_default_types.h"
  84              		.file 6 "/usr/include/newlib/sys/_stdint.h"
  85              		.file 7 "/usr/include/newlib/stdint.h"
  86              		.file 8 "/usr/lib/gcc/arm-none-eabi/6.3.1/include/stddef.h"
  87              		.file 9 "/usr/include/newlib/sys/lock.h"
  88              		.file 10 "/usr/include/newlib/sys/_types.h"
  89              		.file 11 "/usr/include/newlib/sys/reent.h"
  90              		.file 12 "/usr/include/newlib/string.h"
  91              		.file 13 "Inc/FwLogger.h"
  92              		.file 14 "<built-in>"
ARM GAS  /tmp/ccttGkQF.s 			page 3


DEFINED SYMBOLS
                            *ABS*:0000000000000000 FwLogger.cpp
     /tmp/ccttGkQF.s:16     .text._ZN8FwLoggerC2Ev:0000000000000000 $t
     /tmp/ccttGkQF.s:23     .text._ZN8FwLoggerC2Ev:0000000000000000 _ZN8FwLoggerC2Ev
     /tmp/ccttGkQF.s:23     .text._ZN8FwLoggerC2Ev:0000000000000000 _ZN8FwLoggerC1Ev
     /tmp/ccttGkQF.s:40     .text._ZN8FwLogger4evalEPh:0000000000000000 $t
     /tmp/ccttGkQF.s:47     .text._ZN8FwLogger4evalEPh:0000000000000000 _ZN8FwLogger4evalEPh
     /tmp/ccttGkQF.s:70     .text._ZN8FwLogger4evalEPh:000000000000000c $d
     /tmp/ccttGkQF.s:75     .rodata._ZN8FwLogger4evalEPh.str1.4:0000000000000000 $d
                     .debug_frame:0000000000000010 $d

UNDEFINED SYMBOLS
strtok
