ARM GAS  /tmp/ccNIutvT.s 			page 1


   1              		.cpu cortex-m3
   2              		.eabi_attribute 20, 1
   3              		.eabi_attribute 21, 1
   4              		.eabi_attribute 23, 3
   5              		.eabi_attribute 24, 1
   6              		.eabi_attribute 25, 1
   7              		.eabi_attribute 26, 1
   8              		.eabi_attribute 30, 1
   9              		.eabi_attribute 34, 1
  10              		.eabi_attribute 18, 4
  11              		.file	"stm32f1xx_it.c"
  12              		.text
  13              	.Ltext0:
  14              		.cfi_sections	.debug_frame
  15              		.section	.text.NMI_Handler,"ax",%progbits
  16              		.align	1
  17              		.global	NMI_Handler
  18              		.syntax unified
  19              		.thumb
  20              		.thumb_func
  21              		.fpu softvfp
  23              	NMI_Handler:
  24              	.LFB65:
  25              		.file 1 "Src/stm32f1xx_it.c"
   1:Src/stm32f1xx_it.c **** /* USER CODE BEGIN Header */
   2:Src/stm32f1xx_it.c **** /**
   3:Src/stm32f1xx_it.c ****   ******************************************************************************
   4:Src/stm32f1xx_it.c ****   * @file    stm32f1xx_it.c
   5:Src/stm32f1xx_it.c ****   * @brief   Interrupt Service Routines.
   6:Src/stm32f1xx_it.c ****   ******************************************************************************
   7:Src/stm32f1xx_it.c ****   * @attention
   8:Src/stm32f1xx_it.c ****   *
   9:Src/stm32f1xx_it.c ****   * <h2><center>&copy; Copyright (c) 2020 STMicroelectronics.
  10:Src/stm32f1xx_it.c ****   * All rights reserved.</center></h2>
  11:Src/stm32f1xx_it.c ****   *
  12:Src/stm32f1xx_it.c ****   * This software component is licensed by ST under BSD 3-Clause license,
  13:Src/stm32f1xx_it.c ****   * the "License"; You may not use this file except in compliance with the
  14:Src/stm32f1xx_it.c ****   * License. You may obtain a copy of the License at:
  15:Src/stm32f1xx_it.c ****   *                        opensource.org/licenses/BSD-3-Clause
  16:Src/stm32f1xx_it.c ****   *
  17:Src/stm32f1xx_it.c ****   ******************************************************************************
  18:Src/stm32f1xx_it.c ****   */
  19:Src/stm32f1xx_it.c **** /* USER CODE END Header */
  20:Src/stm32f1xx_it.c **** 
  21:Src/stm32f1xx_it.c **** /* Includes ------------------------------------------------------------------*/
  22:Src/stm32f1xx_it.c **** #include "main.h"
  23:Src/stm32f1xx_it.c **** #include "stm32f1xx_it.h"
  24:Src/stm32f1xx_it.c **** /* Private includes ----------------------------------------------------------*/
  25:Src/stm32f1xx_it.c **** /* USER CODE BEGIN Includes */
  26:Src/stm32f1xx_it.c **** /* USER CODE END Includes */
  27:Src/stm32f1xx_it.c **** 
  28:Src/stm32f1xx_it.c **** /* Private typedef -----------------------------------------------------------*/
  29:Src/stm32f1xx_it.c **** /* USER CODE BEGIN TD */
  30:Src/stm32f1xx_it.c **** 
  31:Src/stm32f1xx_it.c **** /* USER CODE END TD */
  32:Src/stm32f1xx_it.c **** 
  33:Src/stm32f1xx_it.c **** /* Private define ------------------------------------------------------------*/
ARM GAS  /tmp/ccNIutvT.s 			page 2


  34:Src/stm32f1xx_it.c **** /* USER CODE BEGIN PD */
  35:Src/stm32f1xx_it.c **** 
  36:Src/stm32f1xx_it.c **** /* USER CODE END PD */
  37:Src/stm32f1xx_it.c **** 
  38:Src/stm32f1xx_it.c **** /* Private macro -------------------------------------------------------------*/
  39:Src/stm32f1xx_it.c **** /* USER CODE BEGIN PM */
  40:Src/stm32f1xx_it.c **** 
  41:Src/stm32f1xx_it.c **** /* USER CODE END PM */
  42:Src/stm32f1xx_it.c **** 
  43:Src/stm32f1xx_it.c **** /* Private variables ---------------------------------------------------------*/
  44:Src/stm32f1xx_it.c **** /* USER CODE BEGIN PV */
  45:Src/stm32f1xx_it.c **** 
  46:Src/stm32f1xx_it.c **** /* USER CODE END PV */
  47:Src/stm32f1xx_it.c **** 
  48:Src/stm32f1xx_it.c **** /* Private function prototypes -----------------------------------------------*/
  49:Src/stm32f1xx_it.c **** /* USER CODE BEGIN PFP */
  50:Src/stm32f1xx_it.c **** 
  51:Src/stm32f1xx_it.c **** /* USER CODE END PFP */
  52:Src/stm32f1xx_it.c **** 
  53:Src/stm32f1xx_it.c **** /* Private user code ---------------------------------------------------------*/
  54:Src/stm32f1xx_it.c **** /* USER CODE BEGIN 0 */
  55:Src/stm32f1xx_it.c **** 
  56:Src/stm32f1xx_it.c **** /* USER CODE END 0 */
  57:Src/stm32f1xx_it.c **** 
  58:Src/stm32f1xx_it.c **** /* External variables --------------------------------------------------------*/
  59:Src/stm32f1xx_it.c **** extern DMA_HandleTypeDef hdma_i2c1_tx;
  60:Src/stm32f1xx_it.c **** extern DMA_HandleTypeDef hdma_spi1_tx;
  61:Src/stm32f1xx_it.c **** extern SPI_HandleTypeDef hspi1;
  62:Src/stm32f1xx_it.c **** extern DMA_HandleTypeDef hdma_usart1_tx;
  63:Src/stm32f1xx_it.c **** extern DMA_HandleTypeDef hdma_usart2_tx;
  64:Src/stm32f1xx_it.c **** extern DMA_HandleTypeDef hdma_usart3_tx;
  65:Src/stm32f1xx_it.c **** extern UART_HandleTypeDef huart1;
  66:Src/stm32f1xx_it.c **** /* USER CODE BEGIN EV */
  67:Src/stm32f1xx_it.c **** 
  68:Src/stm32f1xx_it.c **** /* USER CODE END EV */
  69:Src/stm32f1xx_it.c **** 
  70:Src/stm32f1xx_it.c **** /******************************************************************************/
  71:Src/stm32f1xx_it.c **** /*           Cortex-M3 Processor Interruption and Exception Handlers          */
  72:Src/stm32f1xx_it.c **** /******************************************************************************/
  73:Src/stm32f1xx_it.c **** /**
  74:Src/stm32f1xx_it.c ****   * @brief This function handles Non maskable interrupt.
  75:Src/stm32f1xx_it.c ****   */
  76:Src/stm32f1xx_it.c **** void NMI_Handler(void)
  77:Src/stm32f1xx_it.c **** {
  26              		.loc 1 77 0
  27              		.cfi_startproc
  28              		@ args = 0, pretend = 0, frame = 0
  29              		@ frame_needed = 0, uses_anonymous_args = 0
  30              		@ link register save eliminated.
  31 0000 7047     		bx	lr
  32              		.cfi_endproc
  33              	.LFE65:
  35              		.section	.text.HardFault_Handler,"ax",%progbits
  36              		.align	1
  37              		.global	HardFault_Handler
  38              		.syntax unified
  39              		.thumb
ARM GAS  /tmp/ccNIutvT.s 			page 3


  40              		.thumb_func
  41              		.fpu softvfp
  43              	HardFault_Handler:
  44              	.LFB66:
  78:Src/stm32f1xx_it.c ****   /* USER CODE BEGIN NonMaskableInt_IRQn 0 */
  79:Src/stm32f1xx_it.c **** 
  80:Src/stm32f1xx_it.c ****   /* USER CODE END NonMaskableInt_IRQn 0 */
  81:Src/stm32f1xx_it.c ****   /* USER CODE BEGIN NonMaskableInt_IRQn 1 */
  82:Src/stm32f1xx_it.c **** 
  83:Src/stm32f1xx_it.c ****   /* USER CODE END NonMaskableInt_IRQn 1 */
  84:Src/stm32f1xx_it.c **** }
  85:Src/stm32f1xx_it.c **** 
  86:Src/stm32f1xx_it.c **** /**
  87:Src/stm32f1xx_it.c ****   * @brief This function handles Hard fault interrupt.
  88:Src/stm32f1xx_it.c ****   */
  89:Src/stm32f1xx_it.c **** void HardFault_Handler(void)
  90:Src/stm32f1xx_it.c **** {
  45              		.loc 1 90 0
  46              		.cfi_startproc
  47              		@ Volatile: function does not return.
  48              		@ args = 0, pretend = 0, frame = 0
  49              		@ frame_needed = 0, uses_anonymous_args = 0
  50              		@ link register save eliminated.
  51              	.L3:
  52 0000 FEE7     		b	.L3
  53              		.cfi_endproc
  54              	.LFE66:
  56              		.section	.text.MemManage_Handler,"ax",%progbits
  57              		.align	1
  58              		.global	MemManage_Handler
  59              		.syntax unified
  60              		.thumb
  61              		.thumb_func
  62              		.fpu softvfp
  64              	MemManage_Handler:
  65              	.LFB67:
  91:Src/stm32f1xx_it.c ****   /* USER CODE BEGIN HardFault_IRQn 0 */
  92:Src/stm32f1xx_it.c **** 
  93:Src/stm32f1xx_it.c ****   /* USER CODE END HardFault_IRQn 0 */
  94:Src/stm32f1xx_it.c ****   while (1)
  95:Src/stm32f1xx_it.c ****   {
  96:Src/stm32f1xx_it.c ****     /* USER CODE BEGIN W1_HardFault_IRQn 0 */
  97:Src/stm32f1xx_it.c ****     /* USER CODE END W1_HardFault_IRQn 0 */
  98:Src/stm32f1xx_it.c ****   }
  99:Src/stm32f1xx_it.c **** }
 100:Src/stm32f1xx_it.c **** 
 101:Src/stm32f1xx_it.c **** /**
 102:Src/stm32f1xx_it.c ****   * @brief This function handles Memory management fault.
 103:Src/stm32f1xx_it.c ****   */
 104:Src/stm32f1xx_it.c **** void MemManage_Handler(void)
 105:Src/stm32f1xx_it.c **** {
  66              		.loc 1 105 0
  67              		.cfi_startproc
  68              		@ Volatile: function does not return.
  69              		@ args = 0, pretend = 0, frame = 0
  70              		@ frame_needed = 0, uses_anonymous_args = 0
  71              		@ link register save eliminated.
ARM GAS  /tmp/ccNIutvT.s 			page 4


  72              	.L5:
  73 0000 FEE7     		b	.L5
  74              		.cfi_endproc
  75              	.LFE67:
  77              		.section	.text.BusFault_Handler,"ax",%progbits
  78              		.align	1
  79              		.global	BusFault_Handler
  80              		.syntax unified
  81              		.thumb
  82              		.thumb_func
  83              		.fpu softvfp
  85              	BusFault_Handler:
  86              	.LFB68:
 106:Src/stm32f1xx_it.c ****   /* USER CODE BEGIN MemoryManagement_IRQn 0 */
 107:Src/stm32f1xx_it.c **** 
 108:Src/stm32f1xx_it.c ****   /* USER CODE END MemoryManagement_IRQn 0 */
 109:Src/stm32f1xx_it.c ****   while (1)
 110:Src/stm32f1xx_it.c ****   {
 111:Src/stm32f1xx_it.c ****     /* USER CODE BEGIN W1_MemoryManagement_IRQn 0 */
 112:Src/stm32f1xx_it.c ****     /* USER CODE END W1_MemoryManagement_IRQn 0 */
 113:Src/stm32f1xx_it.c ****   }
 114:Src/stm32f1xx_it.c **** }
 115:Src/stm32f1xx_it.c **** 
 116:Src/stm32f1xx_it.c **** /**
 117:Src/stm32f1xx_it.c ****   * @brief This function handles Prefetch fault, memory access fault.
 118:Src/stm32f1xx_it.c ****   */
 119:Src/stm32f1xx_it.c **** void BusFault_Handler(void)
 120:Src/stm32f1xx_it.c **** {
  87              		.loc 1 120 0
  88              		.cfi_startproc
  89              		@ Volatile: function does not return.
  90              		@ args = 0, pretend = 0, frame = 0
  91              		@ frame_needed = 0, uses_anonymous_args = 0
  92              		@ link register save eliminated.
  93              	.L7:
  94 0000 FEE7     		b	.L7
  95              		.cfi_endproc
  96              	.LFE68:
  98              		.section	.text.UsageFault_Handler,"ax",%progbits
  99              		.align	1
 100              		.global	UsageFault_Handler
 101              		.syntax unified
 102              		.thumb
 103              		.thumb_func
 104              		.fpu softvfp
 106              	UsageFault_Handler:
 107              	.LFB69:
 121:Src/stm32f1xx_it.c ****   /* USER CODE BEGIN BusFault_IRQn 0 */
 122:Src/stm32f1xx_it.c **** 
 123:Src/stm32f1xx_it.c ****   /* USER CODE END BusFault_IRQn 0 */
 124:Src/stm32f1xx_it.c ****   while (1)
 125:Src/stm32f1xx_it.c ****   {
 126:Src/stm32f1xx_it.c ****     /* USER CODE BEGIN W1_BusFault_IRQn 0 */
 127:Src/stm32f1xx_it.c ****     /* USER CODE END W1_BusFault_IRQn 0 */
 128:Src/stm32f1xx_it.c ****   }
 129:Src/stm32f1xx_it.c **** }
 130:Src/stm32f1xx_it.c **** 
ARM GAS  /tmp/ccNIutvT.s 			page 5


 131:Src/stm32f1xx_it.c **** /**
 132:Src/stm32f1xx_it.c ****   * @brief This function handles Undefined instruction or illegal state.
 133:Src/stm32f1xx_it.c ****   */
 134:Src/stm32f1xx_it.c **** void UsageFault_Handler(void)
 135:Src/stm32f1xx_it.c **** {
 108              		.loc 1 135 0
 109              		.cfi_startproc
 110              		@ Volatile: function does not return.
 111              		@ args = 0, pretend = 0, frame = 0
 112              		@ frame_needed = 0, uses_anonymous_args = 0
 113              		@ link register save eliminated.
 114              	.L9:
 115 0000 FEE7     		b	.L9
 116              		.cfi_endproc
 117              	.LFE69:
 119              		.section	.text.SVC_Handler,"ax",%progbits
 120              		.align	1
 121              		.global	SVC_Handler
 122              		.syntax unified
 123              		.thumb
 124              		.thumb_func
 125              		.fpu softvfp
 127              	SVC_Handler:
 128              	.LFB70:
 136:Src/stm32f1xx_it.c ****   /* USER CODE BEGIN UsageFault_IRQn 0 */
 137:Src/stm32f1xx_it.c **** 
 138:Src/stm32f1xx_it.c ****   /* USER CODE END UsageFault_IRQn 0 */
 139:Src/stm32f1xx_it.c ****   while (1)
 140:Src/stm32f1xx_it.c ****   {
 141:Src/stm32f1xx_it.c ****     /* USER CODE BEGIN W1_UsageFault_IRQn 0 */
 142:Src/stm32f1xx_it.c ****     /* USER CODE END W1_UsageFault_IRQn 0 */
 143:Src/stm32f1xx_it.c ****   }
 144:Src/stm32f1xx_it.c **** }
 145:Src/stm32f1xx_it.c **** 
 146:Src/stm32f1xx_it.c **** /**
 147:Src/stm32f1xx_it.c ****   * @brief This function handles System service call via SWI instruction.
 148:Src/stm32f1xx_it.c ****   */
 149:Src/stm32f1xx_it.c **** void SVC_Handler(void)
 150:Src/stm32f1xx_it.c **** {
 129              		.loc 1 150 0
 130              		.cfi_startproc
 131              		@ args = 0, pretend = 0, frame = 0
 132              		@ frame_needed = 0, uses_anonymous_args = 0
 133              		@ link register save eliminated.
 134 0000 7047     		bx	lr
 135              		.cfi_endproc
 136              	.LFE70:
 138              		.section	.text.DebugMon_Handler,"ax",%progbits
 139              		.align	1
 140              		.global	DebugMon_Handler
 141              		.syntax unified
 142              		.thumb
 143              		.thumb_func
 144              		.fpu softvfp
 146              	DebugMon_Handler:
 147              	.LFB71:
 151:Src/stm32f1xx_it.c ****   /* USER CODE BEGIN SVCall_IRQn 0 */
ARM GAS  /tmp/ccNIutvT.s 			page 6


 152:Src/stm32f1xx_it.c **** 
 153:Src/stm32f1xx_it.c ****   /* USER CODE END SVCall_IRQn 0 */
 154:Src/stm32f1xx_it.c ****   /* USER CODE BEGIN SVCall_IRQn 1 */
 155:Src/stm32f1xx_it.c **** 
 156:Src/stm32f1xx_it.c ****   /* USER CODE END SVCall_IRQn 1 */
 157:Src/stm32f1xx_it.c **** }
 158:Src/stm32f1xx_it.c **** 
 159:Src/stm32f1xx_it.c **** /**
 160:Src/stm32f1xx_it.c ****   * @brief This function handles Debug monitor.
 161:Src/stm32f1xx_it.c ****   */
 162:Src/stm32f1xx_it.c **** void DebugMon_Handler(void)
 163:Src/stm32f1xx_it.c **** {
 148              		.loc 1 163 0
 149              		.cfi_startproc
 150              		@ args = 0, pretend = 0, frame = 0
 151              		@ frame_needed = 0, uses_anonymous_args = 0
 152              		@ link register save eliminated.
 153 0000 7047     		bx	lr
 154              		.cfi_endproc
 155              	.LFE71:
 157              		.section	.text.PendSV_Handler,"ax",%progbits
 158              		.align	1
 159              		.global	PendSV_Handler
 160              		.syntax unified
 161              		.thumb
 162              		.thumb_func
 163              		.fpu softvfp
 165              	PendSV_Handler:
 166              	.LFB72:
 164:Src/stm32f1xx_it.c ****   /* USER CODE BEGIN DebugMonitor_IRQn 0 */
 165:Src/stm32f1xx_it.c **** 
 166:Src/stm32f1xx_it.c ****   /* USER CODE END DebugMonitor_IRQn 0 */
 167:Src/stm32f1xx_it.c ****   /* USER CODE BEGIN DebugMonitor_IRQn 1 */
 168:Src/stm32f1xx_it.c **** 
 169:Src/stm32f1xx_it.c ****   /* USER CODE END DebugMonitor_IRQn 1 */
 170:Src/stm32f1xx_it.c **** }
 171:Src/stm32f1xx_it.c **** 
 172:Src/stm32f1xx_it.c **** /**
 173:Src/stm32f1xx_it.c ****   * @brief This function handles Pendable request for system service.
 174:Src/stm32f1xx_it.c ****   */
 175:Src/stm32f1xx_it.c **** void PendSV_Handler(void)
 176:Src/stm32f1xx_it.c **** {
 167              		.loc 1 176 0
 168              		.cfi_startproc
 169              		@ args = 0, pretend = 0, frame = 0
 170              		@ frame_needed = 0, uses_anonymous_args = 0
 171              		@ link register save eliminated.
 172 0000 7047     		bx	lr
 173              		.cfi_endproc
 174              	.LFE72:
 176              		.section	.text.SysTick_Handler,"ax",%progbits
 177              		.align	1
 178              		.global	SysTick_Handler
 179              		.syntax unified
 180              		.thumb
 181              		.thumb_func
 182              		.fpu softvfp
ARM GAS  /tmp/ccNIutvT.s 			page 7


 184              	SysTick_Handler:
 185              	.LFB73:
 177:Src/stm32f1xx_it.c ****   /* USER CODE BEGIN PendSV_IRQn 0 */
 178:Src/stm32f1xx_it.c **** 
 179:Src/stm32f1xx_it.c ****   /* USER CODE END PendSV_IRQn 0 */
 180:Src/stm32f1xx_it.c ****   /* USER CODE BEGIN PendSV_IRQn 1 */
 181:Src/stm32f1xx_it.c **** 
 182:Src/stm32f1xx_it.c ****   /* USER CODE END PendSV_IRQn 1 */
 183:Src/stm32f1xx_it.c **** }
 184:Src/stm32f1xx_it.c **** 
 185:Src/stm32f1xx_it.c **** /**
 186:Src/stm32f1xx_it.c ****   * @brief This function handles System tick timer.
 187:Src/stm32f1xx_it.c ****   */
 188:Src/stm32f1xx_it.c **** void SysTick_Handler(void)
 189:Src/stm32f1xx_it.c **** {
 186              		.loc 1 189 0
 187              		.cfi_startproc
 188              		@ args = 0, pretend = 0, frame = 0
 189              		@ frame_needed = 0, uses_anonymous_args = 0
 190              		.loc 1 189 0
 191 0000 08B5     		push	{r3, lr}
 192              	.LCFI0:
 193              		.cfi_def_cfa_offset 8
 194              		.cfi_offset 3, -8
 195              		.cfi_offset 14, -4
 190:Src/stm32f1xx_it.c ****   /* USER CODE BEGIN SysTick_IRQn 0 */
 191:Src/stm32f1xx_it.c **** 
 192:Src/stm32f1xx_it.c ****   /* USER CODE END SysTick_IRQn 0 */
 193:Src/stm32f1xx_it.c ****   HAL_IncTick();
 196              		.loc 1 193 0
 197 0002 FFF7FEFF 		bl	HAL_IncTick
 198              	.LVL0:
 199 0006 08BD     		pop	{r3, pc}
 200              		.cfi_endproc
 201              	.LFE73:
 203              		.section	.text.DMA1_Channel2_IRQHandler,"ax",%progbits
 204              		.align	1
 205              		.global	DMA1_Channel2_IRQHandler
 206              		.syntax unified
 207              		.thumb
 208              		.thumb_func
 209              		.fpu softvfp
 211              	DMA1_Channel2_IRQHandler:
 212              	.LFB74:
 194:Src/stm32f1xx_it.c ****   /* USER CODE BEGIN SysTick_IRQn 1 */
 195:Src/stm32f1xx_it.c **** 
 196:Src/stm32f1xx_it.c ****   /* USER CODE END SysTick_IRQn 1 */
 197:Src/stm32f1xx_it.c **** }
 198:Src/stm32f1xx_it.c **** 
 199:Src/stm32f1xx_it.c **** /******************************************************************************/
 200:Src/stm32f1xx_it.c **** /* STM32F1xx Peripheral Interrupt Handlers                                    */
 201:Src/stm32f1xx_it.c **** /* Add here the Interrupt Handlers for the used peripherals.                  */
 202:Src/stm32f1xx_it.c **** /* For the available peripheral interrupt handler names,                      */
 203:Src/stm32f1xx_it.c **** /* please refer to the startup file (startup_stm32f1xx.s).                    */
 204:Src/stm32f1xx_it.c **** /******************************************************************************/
 205:Src/stm32f1xx_it.c **** 
 206:Src/stm32f1xx_it.c **** /**
ARM GAS  /tmp/ccNIutvT.s 			page 8


 207:Src/stm32f1xx_it.c ****   * @brief This function handles DMA1 channel2 global interrupt.
 208:Src/stm32f1xx_it.c ****   */
 209:Src/stm32f1xx_it.c **** void DMA1_Channel2_IRQHandler(void)
 210:Src/stm32f1xx_it.c **** {
 213              		.loc 1 210 0
 214              		.cfi_startproc
 215              		@ args = 0, pretend = 0, frame = 0
 216              		@ frame_needed = 0, uses_anonymous_args = 0
 217 0000 08B5     		push	{r3, lr}
 218              	.LCFI1:
 219              		.cfi_def_cfa_offset 8
 220              		.cfi_offset 3, -8
 221              		.cfi_offset 14, -4
 211:Src/stm32f1xx_it.c ****   /* USER CODE BEGIN DMA1_Channel2_IRQn 0 */
 212:Src/stm32f1xx_it.c **** 
 213:Src/stm32f1xx_it.c ****   /* USER CODE END DMA1_Channel2_IRQn 0 */
 214:Src/stm32f1xx_it.c ****   HAL_DMA_IRQHandler(&hdma_usart3_tx);
 222              		.loc 1 214 0
 223 0002 0248     		ldr	r0, .L17
 224 0004 FFF7FEFF 		bl	HAL_DMA_IRQHandler
 225              	.LVL1:
 226 0008 08BD     		pop	{r3, pc}
 227              	.L18:
 228 000a 00BF     		.align	2
 229              	.L17:
 230 000c 00000000 		.word	hdma_usart3_tx
 231              		.cfi_endproc
 232              	.LFE74:
 234              		.section	.text.DMA1_Channel3_IRQHandler,"ax",%progbits
 235              		.align	1
 236              		.global	DMA1_Channel3_IRQHandler
 237              		.syntax unified
 238              		.thumb
 239              		.thumb_func
 240              		.fpu softvfp
 242              	DMA1_Channel3_IRQHandler:
 243              	.LFB75:
 215:Src/stm32f1xx_it.c ****   /* USER CODE BEGIN DMA1_Channel2_IRQn 1 */
 216:Src/stm32f1xx_it.c **** 
 217:Src/stm32f1xx_it.c ****   /* USER CODE END DMA1_Channel2_IRQn 1 */
 218:Src/stm32f1xx_it.c **** }
 219:Src/stm32f1xx_it.c **** 
 220:Src/stm32f1xx_it.c **** /**
 221:Src/stm32f1xx_it.c ****   * @brief This function handles DMA1 channel3 global interrupt.
 222:Src/stm32f1xx_it.c ****   */
 223:Src/stm32f1xx_it.c **** void DMA1_Channel3_IRQHandler(void)
 224:Src/stm32f1xx_it.c **** {
 244              		.loc 1 224 0
 245              		.cfi_startproc
 246              		@ args = 0, pretend = 0, frame = 0
 247              		@ frame_needed = 0, uses_anonymous_args = 0
 248 0000 08B5     		push	{r3, lr}
 249              	.LCFI2:
 250              		.cfi_def_cfa_offset 8
 251              		.cfi_offset 3, -8
 252              		.cfi_offset 14, -4
 225:Src/stm32f1xx_it.c ****   /* USER CODE BEGIN DMA1_Channel3_IRQn 0 */
ARM GAS  /tmp/ccNIutvT.s 			page 9


 226:Src/stm32f1xx_it.c **** 
 227:Src/stm32f1xx_it.c ****   /* USER CODE END DMA1_Channel3_IRQn 0 */
 228:Src/stm32f1xx_it.c ****   HAL_DMA_IRQHandler(&hdma_spi1_tx);
 253              		.loc 1 228 0
 254 0002 0248     		ldr	r0, .L21
 255 0004 FFF7FEFF 		bl	HAL_DMA_IRQHandler
 256              	.LVL2:
 257 0008 08BD     		pop	{r3, pc}
 258              	.L22:
 259 000a 00BF     		.align	2
 260              	.L21:
 261 000c 00000000 		.word	hdma_spi1_tx
 262              		.cfi_endproc
 263              	.LFE75:
 265              		.section	.text.DMA1_Channel4_IRQHandler,"ax",%progbits
 266              		.align	1
 267              		.global	DMA1_Channel4_IRQHandler
 268              		.syntax unified
 269              		.thumb
 270              		.thumb_func
 271              		.fpu softvfp
 273              	DMA1_Channel4_IRQHandler:
 274              	.LFB76:
 229:Src/stm32f1xx_it.c ****   /* USER CODE BEGIN DMA1_Channel3_IRQn 1 */
 230:Src/stm32f1xx_it.c **** 
 231:Src/stm32f1xx_it.c ****   /* USER CODE END DMA1_Channel3_IRQn 1 */
 232:Src/stm32f1xx_it.c **** }
 233:Src/stm32f1xx_it.c **** 
 234:Src/stm32f1xx_it.c **** /**
 235:Src/stm32f1xx_it.c ****   * @brief This function handles DMA1 channel4 global interrupt.
 236:Src/stm32f1xx_it.c ****   */
 237:Src/stm32f1xx_it.c **** void DMA1_Channel4_IRQHandler(void)
 238:Src/stm32f1xx_it.c **** {
 275              		.loc 1 238 0
 276              		.cfi_startproc
 277              		@ args = 0, pretend = 0, frame = 0
 278              		@ frame_needed = 0, uses_anonymous_args = 0
 279 0000 08B5     		push	{r3, lr}
 280              	.LCFI3:
 281              		.cfi_def_cfa_offset 8
 282              		.cfi_offset 3, -8
 283              		.cfi_offset 14, -4
 239:Src/stm32f1xx_it.c ****   /* USER CODE BEGIN DMA1_Channel4_IRQn 0 */
 240:Src/stm32f1xx_it.c **** 
 241:Src/stm32f1xx_it.c ****   /* USER CODE END DMA1_Channel4_IRQn 0 */
 242:Src/stm32f1xx_it.c ****   HAL_DMA_IRQHandler(&hdma_usart1_tx);
 284              		.loc 1 242 0
 285 0002 0248     		ldr	r0, .L25
 286 0004 FFF7FEFF 		bl	HAL_DMA_IRQHandler
 287              	.LVL3:
 288 0008 08BD     		pop	{r3, pc}
 289              	.L26:
 290 000a 00BF     		.align	2
 291              	.L25:
 292 000c 00000000 		.word	hdma_usart1_tx
 293              		.cfi_endproc
 294              	.LFE76:
ARM GAS  /tmp/ccNIutvT.s 			page 10


 296              		.section	.text.DMA1_Channel6_IRQHandler,"ax",%progbits
 297              		.align	1
 298              		.global	DMA1_Channel6_IRQHandler
 299              		.syntax unified
 300              		.thumb
 301              		.thumb_func
 302              		.fpu softvfp
 304              	DMA1_Channel6_IRQHandler:
 305              	.LFB77:
 243:Src/stm32f1xx_it.c ****   /* USER CODE BEGIN DMA1_Channel4_IRQn 1 */
 244:Src/stm32f1xx_it.c **** 
 245:Src/stm32f1xx_it.c ****   /* USER CODE END DMA1_Channel4_IRQn 1 */
 246:Src/stm32f1xx_it.c **** }
 247:Src/stm32f1xx_it.c **** 
 248:Src/stm32f1xx_it.c **** /**
 249:Src/stm32f1xx_it.c ****   * @brief This function handles DMA1 channel6 global interrupt.
 250:Src/stm32f1xx_it.c ****   */
 251:Src/stm32f1xx_it.c **** void DMA1_Channel6_IRQHandler(void)
 252:Src/stm32f1xx_it.c **** {
 306              		.loc 1 252 0
 307              		.cfi_startproc
 308              		@ args = 0, pretend = 0, frame = 0
 309              		@ frame_needed = 0, uses_anonymous_args = 0
 310 0000 08B5     		push	{r3, lr}
 311              	.LCFI4:
 312              		.cfi_def_cfa_offset 8
 313              		.cfi_offset 3, -8
 314              		.cfi_offset 14, -4
 253:Src/stm32f1xx_it.c ****   /* USER CODE BEGIN DMA1_Channel6_IRQn 0 */
 254:Src/stm32f1xx_it.c **** 
 255:Src/stm32f1xx_it.c ****   /* USER CODE END DMA1_Channel6_IRQn 0 */
 256:Src/stm32f1xx_it.c ****   HAL_DMA_IRQHandler(&hdma_i2c1_tx);
 315              		.loc 1 256 0
 316 0002 0248     		ldr	r0, .L29
 317 0004 FFF7FEFF 		bl	HAL_DMA_IRQHandler
 318              	.LVL4:
 319 0008 08BD     		pop	{r3, pc}
 320              	.L30:
 321 000a 00BF     		.align	2
 322              	.L29:
 323 000c 00000000 		.word	hdma_i2c1_tx
 324              		.cfi_endproc
 325              	.LFE77:
 327              		.section	.text.DMA1_Channel7_IRQHandler,"ax",%progbits
 328              		.align	1
 329              		.global	DMA1_Channel7_IRQHandler
 330              		.syntax unified
 331              		.thumb
 332              		.thumb_func
 333              		.fpu softvfp
 335              	DMA1_Channel7_IRQHandler:
 336              	.LFB78:
 257:Src/stm32f1xx_it.c ****   /* USER CODE BEGIN DMA1_Channel6_IRQn 1 */
 258:Src/stm32f1xx_it.c **** 
 259:Src/stm32f1xx_it.c ****   /* USER CODE END DMA1_Channel6_IRQn 1 */
 260:Src/stm32f1xx_it.c **** }
 261:Src/stm32f1xx_it.c **** 
ARM GAS  /tmp/ccNIutvT.s 			page 11


 262:Src/stm32f1xx_it.c **** /**
 263:Src/stm32f1xx_it.c ****   * @brief This function handles DMA1 channel7 global interrupt.
 264:Src/stm32f1xx_it.c ****   */
 265:Src/stm32f1xx_it.c **** void DMA1_Channel7_IRQHandler(void)
 266:Src/stm32f1xx_it.c **** {
 337              		.loc 1 266 0
 338              		.cfi_startproc
 339              		@ args = 0, pretend = 0, frame = 0
 340              		@ frame_needed = 0, uses_anonymous_args = 0
 341 0000 08B5     		push	{r3, lr}
 342              	.LCFI5:
 343              		.cfi_def_cfa_offset 8
 344              		.cfi_offset 3, -8
 345              		.cfi_offset 14, -4
 267:Src/stm32f1xx_it.c ****   /* USER CODE BEGIN DMA1_Channel7_IRQn 0 */
 268:Src/stm32f1xx_it.c **** 
 269:Src/stm32f1xx_it.c ****   /* USER CODE END DMA1_Channel7_IRQn 0 */
 270:Src/stm32f1xx_it.c ****   HAL_DMA_IRQHandler(&hdma_usart2_tx);
 346              		.loc 1 270 0
 347 0002 0248     		ldr	r0, .L33
 348 0004 FFF7FEFF 		bl	HAL_DMA_IRQHandler
 349              	.LVL5:
 350 0008 08BD     		pop	{r3, pc}
 351              	.L34:
 352 000a 00BF     		.align	2
 353              	.L33:
 354 000c 00000000 		.word	hdma_usart2_tx
 355              		.cfi_endproc
 356              	.LFE78:
 358              		.section	.text.SPI1_IRQHandler,"ax",%progbits
 359              		.align	1
 360              		.global	SPI1_IRQHandler
 361              		.syntax unified
 362              		.thumb
 363              		.thumb_func
 364              		.fpu softvfp
 366              	SPI1_IRQHandler:
 367              	.LFB79:
 271:Src/stm32f1xx_it.c ****   /* USER CODE BEGIN DMA1_Channel7_IRQn 1 */
 272:Src/stm32f1xx_it.c **** 
 273:Src/stm32f1xx_it.c ****   /* USER CODE END DMA1_Channel7_IRQn 1 */
 274:Src/stm32f1xx_it.c **** }
 275:Src/stm32f1xx_it.c **** 
 276:Src/stm32f1xx_it.c **** /**
 277:Src/stm32f1xx_it.c ****   * @brief This function handles SPI1 global interrupt.
 278:Src/stm32f1xx_it.c ****   */
 279:Src/stm32f1xx_it.c **** void SPI1_IRQHandler(void)
 280:Src/stm32f1xx_it.c **** {
 368              		.loc 1 280 0
 369              		.cfi_startproc
 370              		@ args = 0, pretend = 0, frame = 0
 371              		@ frame_needed = 0, uses_anonymous_args = 0
 372 0000 08B5     		push	{r3, lr}
 373              	.LCFI6:
 374              		.cfi_def_cfa_offset 8
 375              		.cfi_offset 3, -8
 376              		.cfi_offset 14, -4
ARM GAS  /tmp/ccNIutvT.s 			page 12


 281:Src/stm32f1xx_it.c ****   /* USER CODE BEGIN SPI1_IRQn 0 */
 282:Src/stm32f1xx_it.c **** 
 283:Src/stm32f1xx_it.c ****   /* USER CODE END SPI1_IRQn 0 */
 284:Src/stm32f1xx_it.c ****   HAL_SPI_IRQHandler(&hspi1);
 377              		.loc 1 284 0
 378 0002 0248     		ldr	r0, .L37
 379 0004 FFF7FEFF 		bl	HAL_SPI_IRQHandler
 380              	.LVL6:
 381 0008 08BD     		pop	{r3, pc}
 382              	.L38:
 383 000a 00BF     		.align	2
 384              	.L37:
 385 000c 00000000 		.word	hspi1
 386              		.cfi_endproc
 387              	.LFE79:
 389              		.section	.text.USART1_IRQHandler,"ax",%progbits
 390              		.align	1
 391              		.global	USART1_IRQHandler
 392              		.syntax unified
 393              		.thumb
 394              		.thumb_func
 395              		.fpu softvfp
 397              	USART1_IRQHandler:
 398              	.LFB80:
 285:Src/stm32f1xx_it.c ****   /* USER CODE BEGIN SPI1_IRQn 1 */
 286:Src/stm32f1xx_it.c **** 
 287:Src/stm32f1xx_it.c ****   /* USER CODE END SPI1_IRQn 1 */
 288:Src/stm32f1xx_it.c **** }
 289:Src/stm32f1xx_it.c **** 
 290:Src/stm32f1xx_it.c **** /**
 291:Src/stm32f1xx_it.c ****   * @brief This function handles USART1 global interrupt.
 292:Src/stm32f1xx_it.c ****   */
 293:Src/stm32f1xx_it.c **** void USART1_IRQHandler(void)
 294:Src/stm32f1xx_it.c **** {
 399              		.loc 1 294 0
 400              		.cfi_startproc
 401              		@ args = 0, pretend = 0, frame = 0
 402              		@ frame_needed = 0, uses_anonymous_args = 0
 403 0000 08B5     		push	{r3, lr}
 404              	.LCFI7:
 405              		.cfi_def_cfa_offset 8
 406              		.cfi_offset 3, -8
 407              		.cfi_offset 14, -4
 295:Src/stm32f1xx_it.c ****   /* USER CODE BEGIN USART1_IRQn 0 */
 296:Src/stm32f1xx_it.c **** 
 297:Src/stm32f1xx_it.c ****   /* USER CODE END USART1_IRQn 0 */
 298:Src/stm32f1xx_it.c ****   HAL_UART_IRQHandler(&huart1);
 408              		.loc 1 298 0
 409 0002 0248     		ldr	r0, .L41
 410 0004 FFF7FEFF 		bl	HAL_UART_IRQHandler
 411              	.LVL7:
 412 0008 08BD     		pop	{r3, pc}
 413              	.L42:
 414 000a 00BF     		.align	2
 415              	.L41:
 416 000c 00000000 		.word	huart1
 417              		.cfi_endproc
ARM GAS  /tmp/ccNIutvT.s 			page 13


 418              	.LFE80:
 420              		.text
 421              	.Letext0:
 422              		.file 2 "/usr/include/newlib/machine/_default_types.h"
 423              		.file 3 "/usr/include/newlib/sys/_stdint.h"
 424              		.file 4 "Drivers/CMSIS/Include/core_cm3.h"
 425              		.file 5 "Drivers/CMSIS/Device/ST/STM32F1xx/Include/system_stm32f1xx.h"
 426              		.file 6 "Drivers/CMSIS/Device/ST/STM32F1xx/Include/stm32f103xe.h"
 427              		.file 7 "Drivers/STM32F1xx_HAL_Driver/Inc/stm32f1xx_hal_def.h"
 428              		.file 8 "Drivers/STM32F1xx_HAL_Driver/Inc/stm32f1xx_hal_dma.h"
 429              		.file 9 "Drivers/STM32F1xx_HAL_Driver/Inc/stm32f1xx_hal_spi.h"
 430              		.file 10 "Drivers/STM32F1xx_HAL_Driver/Inc/stm32f1xx_hal_uart.h"
 431              		.file 11 "Drivers/STM32F1xx_HAL_Driver/Inc/stm32f1xx_hal.h"
 432              		.file 12 "Inc/main.h"
ARM GAS  /tmp/ccNIutvT.s 			page 14


DEFINED SYMBOLS
                            *ABS*:0000000000000000 stm32f1xx_it.c
     /tmp/ccNIutvT.s:16     .text.NMI_Handler:0000000000000000 $t
     /tmp/ccNIutvT.s:23     .text.NMI_Handler:0000000000000000 NMI_Handler
     /tmp/ccNIutvT.s:36     .text.HardFault_Handler:0000000000000000 $t
     /tmp/ccNIutvT.s:43     .text.HardFault_Handler:0000000000000000 HardFault_Handler
     /tmp/ccNIutvT.s:57     .text.MemManage_Handler:0000000000000000 $t
     /tmp/ccNIutvT.s:64     .text.MemManage_Handler:0000000000000000 MemManage_Handler
     /tmp/ccNIutvT.s:78     .text.BusFault_Handler:0000000000000000 $t
     /tmp/ccNIutvT.s:85     .text.BusFault_Handler:0000000000000000 BusFault_Handler
     /tmp/ccNIutvT.s:99     .text.UsageFault_Handler:0000000000000000 $t
     /tmp/ccNIutvT.s:106    .text.UsageFault_Handler:0000000000000000 UsageFault_Handler
     /tmp/ccNIutvT.s:120    .text.SVC_Handler:0000000000000000 $t
     /tmp/ccNIutvT.s:127    .text.SVC_Handler:0000000000000000 SVC_Handler
     /tmp/ccNIutvT.s:139    .text.DebugMon_Handler:0000000000000000 $t
     /tmp/ccNIutvT.s:146    .text.DebugMon_Handler:0000000000000000 DebugMon_Handler
     /tmp/ccNIutvT.s:158    .text.PendSV_Handler:0000000000000000 $t
     /tmp/ccNIutvT.s:165    .text.PendSV_Handler:0000000000000000 PendSV_Handler
     /tmp/ccNIutvT.s:177    .text.SysTick_Handler:0000000000000000 $t
     /tmp/ccNIutvT.s:184    .text.SysTick_Handler:0000000000000000 SysTick_Handler
     /tmp/ccNIutvT.s:204    .text.DMA1_Channel2_IRQHandler:0000000000000000 $t
     /tmp/ccNIutvT.s:211    .text.DMA1_Channel2_IRQHandler:0000000000000000 DMA1_Channel2_IRQHandler
     /tmp/ccNIutvT.s:230    .text.DMA1_Channel2_IRQHandler:000000000000000c $d
     /tmp/ccNIutvT.s:235    .text.DMA1_Channel3_IRQHandler:0000000000000000 $t
     /tmp/ccNIutvT.s:242    .text.DMA1_Channel3_IRQHandler:0000000000000000 DMA1_Channel3_IRQHandler
     /tmp/ccNIutvT.s:261    .text.DMA1_Channel3_IRQHandler:000000000000000c $d
     /tmp/ccNIutvT.s:266    .text.DMA1_Channel4_IRQHandler:0000000000000000 $t
     /tmp/ccNIutvT.s:273    .text.DMA1_Channel4_IRQHandler:0000000000000000 DMA1_Channel4_IRQHandler
     /tmp/ccNIutvT.s:292    .text.DMA1_Channel4_IRQHandler:000000000000000c $d
     /tmp/ccNIutvT.s:297    .text.DMA1_Channel6_IRQHandler:0000000000000000 $t
     /tmp/ccNIutvT.s:304    .text.DMA1_Channel6_IRQHandler:0000000000000000 DMA1_Channel6_IRQHandler
     /tmp/ccNIutvT.s:323    .text.DMA1_Channel6_IRQHandler:000000000000000c $d
     /tmp/ccNIutvT.s:328    .text.DMA1_Channel7_IRQHandler:0000000000000000 $t
     /tmp/ccNIutvT.s:335    .text.DMA1_Channel7_IRQHandler:0000000000000000 DMA1_Channel7_IRQHandler
     /tmp/ccNIutvT.s:354    .text.DMA1_Channel7_IRQHandler:000000000000000c $d
     /tmp/ccNIutvT.s:359    .text.SPI1_IRQHandler:0000000000000000 $t
     /tmp/ccNIutvT.s:366    .text.SPI1_IRQHandler:0000000000000000 SPI1_IRQHandler
     /tmp/ccNIutvT.s:385    .text.SPI1_IRQHandler:000000000000000c $d
     /tmp/ccNIutvT.s:390    .text.USART1_IRQHandler:0000000000000000 $t
     /tmp/ccNIutvT.s:397    .text.USART1_IRQHandler:0000000000000000 USART1_IRQHandler
     /tmp/ccNIutvT.s:416    .text.USART1_IRQHandler:000000000000000c $d
                     .debug_frame:0000000000000010 $d

UNDEFINED SYMBOLS
HAL_IncTick
HAL_DMA_IRQHandler
hdma_usart3_tx
hdma_spi1_tx
hdma_usart1_tx
hdma_i2c1_tx
hdma_usart2_tx
HAL_SPI_IRQHandler
hspi1
HAL_UART_IRQHandler
huart1
